TN:
SF:src/adapter/database/db/postgres/Client.ts
FNF:0
FNH:0
DA:1,1
DA:2,1
DA:3,1
DA:4,1
DA:5,1
DA:6,1
DA:7,1
DA:8,1
LF:8
LH:8
BRF:0
BRH:0
end_of_record
TN:
SF:src/adapter/database/in-memory/Users.ts
FNF:0
FNH:0
DA:1,1
DA:2,1
DA:3,1
LF:3
LH:3
BRF:0
BRH:0
end_of_record
TN:
SF:src/adapter/helper/BcryptJsPassHash.ts
FN:5,hash
FNF:1
FNH:0
FNDA:0,hash
DA:1,1
DA:2,1
DA:3,1
DA:4,1
DA:5,1
DA:6,0
DA:7,0
DA:8,0
DA:9,1
LF:9
LH:6
BRF:0
BRH:0
end_of_record
TN:
SF:src/adapter/repository/User/in-memory/CreateUserRepository.ts
FN:6,create
FNF:1
FNH:1
FNDA:2,create
DA:1,1
DA:2,1
DA:3,1
DA:4,1
DA:5,1
DA:6,1
DA:7,2
DA:8,2
DA:9,2
DA:10,2
DA:11,2
DA:12,0
DA:13,0
DA:14,2
DA:15,2
DA:16,1
LF:16
LH:14
BRDA:6,0,0,2
BRDA:7,1,0,2
BRDA:11,2,0,0
BRF:3
BRH:2
end_of_record
TN:
SF:src/adapter/repository/User/postgres/CreateUserRepository.ts
FN:6,create
FNF:1
FNH:1
FNDA:2,create
DA:1,1
DA:2,1
DA:3,1
DA:4,1
DA:5,1
DA:6,1
DA:7,2
DA:8,2
DA:9,2
DA:10,2
DA:11,0
DA:12,0
DA:13,2
DA:14,1
LF:14
LH:12
BRDA:6,0,0,2
BRDA:10,1,0,0
BRF:2
BRH:1
end_of_record
TN:
SF:src/app/useCase/create-user/CreateUserService.ts
FN:11,CreateUserService
FN:16,create
FN:26,sendCreatedUserToRepository
FN:35,hashUserPassword
FNF:4
FNH:4
FNDA:2,CreateUserService
FNDA:4,create
FNDA:4,sendCreatedUserToRepository
FNDA:4,hashUserPassword
DA:1,1
DA:2,1
DA:3,1
DA:4,1
DA:5,1
DA:6,1
DA:7,1
DA:8,1
DA:9,1
DA:10,1
DA:11,1
DA:12,2
DA:13,2
DA:14,2
DA:15,1
DA:16,1
DA:17,4
DA:18,4
DA:19,4
DA:20,4
DA:21,4
DA:22,0
DA:23,0
DA:24,4
DA:25,1
DA:26,1
DA:27,4
DA:28,4
DA:29,4
DA:30,4
DA:31,0
DA:32,0
DA:33,4
DA:34,1
DA:35,1
DA:36,4
DA:37,4
DA:38,1
LF:38
LH:34
BRDA:11,0,0,2
BRDA:16,1,0,4
BRDA:21,2,0,0
BRDA:26,3,0,4
BRDA:30,4,0,0
BRDA:35,5,0,4
BRF:6
BRH:4
end_of_record
TN:
SF:src/domain/entity/User.ts
FN:7,User
FN:13,getUsername
FN:17,getEmail
FN:21,getPassword
FNF:4
FNH:4
FNDA:4,User
FNDA:2,getUsername
FNDA:2,getEmail
FNDA:2,getPassword
DA:1,1
DA:2,1
DA:3,1
DA:4,1
DA:5,1
DA:6,1
DA:7,1
DA:8,4
DA:9,4
DA:10,4
DA:11,4
DA:12,1
DA:13,1
DA:14,2
DA:15,2
DA:16,1
DA:17,1
DA:18,2
DA:19,2
DA:20,1
DA:21,1
DA:22,2
DA:23,2
DA:24,1
LF:24
LH:24
BRDA:7,0,0,4
BRDA:13,1,0,2
BRDA:17,2,0,2
BRDA:21,3,0,2
BRF:4
BRH:4
end_of_record
